{"C:\\Users\\pulat\\Desktop\\test_project-\\calculate.js": {"path":"C:\\Users\\pulat\\Desktop\\test_project-\\calculate.js","statementMap":{"0":{"start":{"line":1,"column":23},"end":{"line":6,"column":5}},"1":{"start":{"line":3,"column":16},"end":{"line":3,"column":21}},"2":{"start":{"line":4,"column":4},"end":{"line":4,"column":44}},"3":{"start":{"line":5,"column":4},"end":{"line":5,"column":17}},"4":{"start":{"line":10,"column":4},"end":{"line":10,"column":36}}},"fnMap":{"0":{"name":"(anonymous_0)","decl":{"start":{"line":1,"column":23},"end":{"line":1,"column":24}},"loc":{"start":{"line":1,"column":32},"end":{"line":6,"column":5}},"line":1}},"branchMap":{"0":{"loc":{"start":{"line":4,"column":4},"end":{"line":4,"column":43}},"type":"cond-expr","locations":[{"start":{"line":4,"column":16},"end":{"line":4,"column":26}},{"start":{"line":4,"column":31},"end":{"line":4,"column":42}}],"line":4}},"s":{"0":1,"1":8,"2":8,"3":8,"4":1},"f":{"0":8},"b":{"0":[3,5]},"_coverageSchema":"1a1c01bbd47fc00a2c39e90264f33305004495a9","hash":"f06d4ac475a63fced6945c9fecb795776f742cf0"}
}
